<?xml version="1.0" encoding="UTF-8"?>
<testng-results ignored="0" total="3" passed="3" failed="0" skipped="0">
  <reporter-output>
  </reporter-output>
  <suite started-at="2023-02-15T21:06:00 EST" name="Suite1" finished-at="2023-02-15T21:06:48 EST" duration-ms="48185">
    <groups>
      <group name="cucumber">
        <method signature="AbstractTestNGCucumberTests.runScenario(io.cucumber.testng.PickleWrapper,io.cucumber.testng.FeatureWrapper)[pri:0, instance:runner.TestRunner@5e600dd5]" name="runScenario" class="io.cucumber.testng.AbstractTestNGCucumberTests"/>
      </group> <!-- cucumber -->
    </groups>
    <test started-at="2023-02-15T21:06:00 EST" name="Nopackage" finished-at="2023-02-15T21:06:48 EST" duration-ms="48185">
      <class name="runner.TestRunner">
        <test-method is-config="true" signature="setUpClass(org.testng.ITestContext)[pri:0, instance:runner.TestRunner@5e600dd5]" started-at="2023-02-15T21:06:00 EST" name="setUpClass" finished-at="2023-02-15T21:06:00 EST" duration-ms="193" status="PASS">
          <params>
            <param index="0">
              <value>
                <![CDATA[org.testng.TestRunner@3bed3315]]>
              </value>
            </param>
          </params>
          <reporter-output>
          </reporter-output>
        </test-method> <!-- setUpClass -->
        <test-method signature="runScenario(io.cucumber.testng.PickleWrapper,io.cucumber.testng.FeatureWrapper)[pri:0, instance:runner.TestRunner@5e600dd5]" started-at="2023-02-15T21:06:00 EST" name="runScenario" description="Runs Cucumber Scenarios" data-provider="scenarios" finished-at="2023-02-15T21:06:23 EST" duration-ms="23103" status="PASS">
          <params>
            <param index="0">
              <value>
                <![CDATA["Searching Products on Google"]]>
              </value>
            </param>
            <param index="1">
              <value>
                <![CDATA["Searching Products"]]>
              </value>
            </param>
          </params>
          <reporter-output>
          </reporter-output>
        </test-method> <!-- runScenario -->
        <test-method signature="runScenario(io.cucumber.testng.PickleWrapper,io.cucumber.testng.FeatureWrapper)[pri:0, instance:runner.TestRunner@5e600dd5]" started-at="2023-02-15T21:06:23 EST" name="runScenario" description="Runs Cucumber Scenarios" data-provider="scenarios" finished-at="2023-02-15T21:06:43 EST" duration-ms="19828" status="PASS">
          <params>
            <param index="0">
              <value>
                <![CDATA["Searching Products on Google"]]>
              </value>
            </param>
            <param index="1">
              <value>
                <![CDATA["Searching Products"]]>
              </value>
            </param>
          </params>
          <reporter-output>
          </reporter-output>
        </test-method> <!-- runScenario -->
        <test-method signature="runScenario(io.cucumber.testng.PickleWrapper,io.cucumber.testng.FeatureWrapper)[pri:0, instance:runner.TestRunner@5e600dd5]" started-at="2023-02-15T21:06:43 EST" name="runScenario" description="Runs Cucumber Scenarios" data-provider="scenarios" finished-at="2023-02-15T21:06:48 EST" duration-ms="4994" status="PASS">
          <params>
            <param index="0">
              <value>
                <![CDATA["Searching Products on Google"]]>
              </value>
            </param>
            <param index="1">
              <value>
                <![CDATA["Searching Products"]]>
              </value>
            </param>
          </params>
          <reporter-output>
          </reporter-output>
        </test-method> <!-- runScenario -->
        <test-method is-config="true" signature="tearDownClass()[pri:0, instance:runner.TestRunner@5e600dd5]" started-at="2023-02-15T21:06:48 EST" name="tearDownClass" finished-at="2023-02-15T21:06:48 EST" duration-ms="6" status="PASS">
          <reporter-output>
          </reporter-output>
        </test-method> <!-- tearDownClass -->
      </class> <!-- runner.TestRunner -->
    </test> <!-- Nopackage -->
  </suite> <!-- Suite1 -->
</testng-results>
